<?xml version="1.0" encoding="UTF-8"?>
<!-- Generated by org.testng.reporters.JUnitXMLReporter -->
<testsuite hostname="LAPTOP-P3ME58TE" name="Test" tests="4" failures="0" timestamp="10 Sep 2020 02:26:09 GMT" time="8.567" errors="0">
  <testcase name="soapTest" time="7.161" classname="Soap.TestRunner"/>
  <testcase name="singleTest" time="0.032" classname="Soap.TestRunner2"/>
  <testcase name="restAPIRun" time="1.007" classname="Rest.RestRunner"/>
  <testcase name="runAllTestSuite" time="0.357" classname="Rest.RestRunner2"/>
</testsuite> <!-- Test -->
